[debug] [2022-11-29T05:31:50.429Z] ----------------------------------------------------------------------
[debug] [2022-11-29T05:31:50.431Z] Command:       /usr/local/bin/node /usr/local/bin/firebase deploy --only hosting
[debug] [2022-11-29T05:31:50.432Z] CLI Version:   11.16.1
[debug] [2022-11-29T05:31:50.432Z] Platform:      darwin
[debug] [2022-11-29T05:31:50.432Z] Node Version:  v16.16.0
[debug] [2022-11-29T05:31:50.434Z] Time:          Mon Nov 28 2022 23:31:50 GMT-0600 (Central Standard Time)
[debug] [2022-11-29T05:31:50.434Z] ----------------------------------------------------------------------
[debug] 
[debug] [2022-11-29T05:31:50.527Z] >>> [apiv2][query] GET https://firebase.googleapis.com/v1beta1/projects/undefined [none]
[debug] [2022-11-29T05:31:50.866Z] <<< [apiv2][status] GET https://firebase.googleapis.com/v1beta1/projects/undefined 403
[debug] [2022-11-29T05:31:50.867Z] <<< [apiv2][body] GET https://firebase.googleapis.com/v1beta1/projects/undefined {"error":{"code":403,"message":"The caller does not have permission","status":"PERMISSION_DENIED"}}
[debug] [2022-11-29T05:31:50.868Z] HTTP Error: 403, The caller does not have permission
[debug] [2022-11-29T05:31:50.992Z] FirebaseError: HTTP Error: 403, The caller does not have permission
    at responseToError (/usr/local/lib/node_modules/firebase-tools/lib/responseToError.js:49:12)
    at RetryOperation._fn (/usr/local/lib/node_modules/firebase-tools/lib/apiv2.js:288:77)
    at processTicksAndRejections (node:internal/process/task_queues:96:5)
[error] 
[error] Error: Failed to get Firebase project undefined. Please make sure the project exists and your account has permission to access it.
[debug] [2022-11-29T05:32:36.713Z] ----------------------------------------------------------------------
[debug] [2022-11-29T05:32:36.716Z] Command:       /usr/local/bin/node /usr/local/bin/firebase deploy --only hosting
[debug] [2022-11-29T05:32:36.717Z] CLI Version:   11.16.1
[debug] [2022-11-29T05:32:36.717Z] Platform:      darwin
[debug] [2022-11-29T05:32:36.718Z] Node Version:  v16.16.0
[debug] [2022-11-29T05:32:36.719Z] Time:          Mon Nov 28 2022 23:32:36 GMT-0600 (Central Standard Time)
[debug] [2022-11-29T05:32:36.719Z] ----------------------------------------------------------------------
[debug] 
[debug] [2022-11-29T05:32:36.866Z] >>> [apiv2][query] GET https://firebase.googleapis.com/v1beta1/projects/undefined [none]
[debug] [2022-11-29T05:32:37.164Z] <<< [apiv2][status] GET https://firebase.googleapis.com/v1beta1/projects/undefined 403
[debug] [2022-11-29T05:32:37.164Z] <<< [apiv2][body] GET https://firebase.googleapis.com/v1beta1/projects/undefined {"error":{"code":403,"message":"The caller does not have permission","status":"PERMISSION_DENIED"}}
[debug] [2022-11-29T05:32:37.165Z] HTTP Error: 403, The caller does not have permission
[debug] [2022-11-29T05:32:37.303Z] FirebaseError: HTTP Error: 403, The caller does not have permission
    at responseToError (/usr/local/lib/node_modules/firebase-tools/lib/responseToError.js:49:12)
    at RetryOperation._fn (/usr/local/lib/node_modules/firebase-tools/lib/apiv2.js:288:77)
    at processTicksAndRejections (node:internal/process/task_queues:96:5)
[error] 
[error] Error: Failed to get Firebase project undefined. Please make sure the project exists and your account has permission to access it.
[debug] [2022-11-29T05:32:47.032Z] ----------------------------------------------------------------------
[debug] [2022-11-29T05:32:47.034Z] Command:       /usr/local/bin/node /usr/local/bin/firebase deploy --only hosting --force
[debug] [2022-11-29T05:32:47.034Z] CLI Version:   11.16.1
[debug] [2022-11-29T05:32:47.034Z] Platform:      darwin
[debug] [2022-11-29T05:32:47.034Z] Node Version:  v16.16.0
[debug] [2022-11-29T05:32:47.036Z] Time:          Mon Nov 28 2022 23:32:47 GMT-0600 (Central Standard Time)
[debug] [2022-11-29T05:32:47.036Z] ----------------------------------------------------------------------
[debug] 
[debug] [2022-11-29T05:32:47.168Z] >>> [apiv2][query] GET https://firebase.googleapis.com/v1beta1/projects/undefined [none]
[debug] [2022-11-29T05:32:47.458Z] <<< [apiv2][status] GET https://firebase.googleapis.com/v1beta1/projects/undefined 403
[debug] [2022-11-29T05:32:47.458Z] <<< [apiv2][body] GET https://firebase.googleapis.com/v1beta1/projects/undefined {"error":{"code":403,"message":"The caller does not have permission","status":"PERMISSION_DENIED"}}
[debug] [2022-11-29T05:32:47.460Z] HTTP Error: 403, The caller does not have permission
[debug] [2022-11-29T05:32:47.588Z] FirebaseError: HTTP Error: 403, The caller does not have permission
    at responseToError (/usr/local/lib/node_modules/firebase-tools/lib/responseToError.js:49:12)
    at RetryOperation._fn (/usr/local/lib/node_modules/firebase-tools/lib/apiv2.js:288:77)
    at processTicksAndRejections (node:internal/process/task_queues:96:5)
[error] 
[error] Error: Failed to get Firebase project undefined. Please make sure the project exists and your account has permission to access it.
